# JRE version: Java(TM) SE Runtime Environment (17.0.12+8) (build 17.0.12+8-LTS-286)
# Java VM: Java HotSpot(TM) 64-Bit Server VM (17.0.12+8-LTS-286, mixed mode, sharing, tiered, compressed oops, compressed class ptrs, g1 gc, windows-amd64)
GC Precious Log:
 CPUs: 8 total, 8 available
 Memory: 7926M
 Large Page Support: Disabled
 NUMA Support: Disabled
 Compressed Oops: Enabled (32-bit)
 Heap Region Size: 1M
 Heap Min Capacity: 8M
 Heap Initial Capacity: 124M
 Heap Max Capacity: 1982M
 Pre-touch: Disabled
 Parallel Workers: 8
 Concurrent Workers: 2
 Concurrent Refinement Workers: 8
 Periodic GC: Disabled
Heap:
 garbage-first heap   total 162816K, used 45254K [0x0000000084200000, 0x0000000100000000)
  region size 1024K, 1 young (1024K), 1 survivors (1024K)
 Metaspace       used 34251K, committed 34688K, reserved 1114112K
  class space    used 4006K, committed 4224K, reserved 1048576K
GC Heap History (20 events):
Event: 7.816 GC heap after
{Heap after GC invocations=9 (full 0):
 garbage-first heap   total 131072K, used 49230K [0x0000000084200000, 0x0000000100000000)
  region size 1024K, 4 young (4096K), 4 survivors (4096K)
 Metaspace       used 28449K, committed 28800K, reserved 1114112K
  class space    used 3270K, committed 3456K, reserved 1048576K
}
Event: 8.601 GC heap before
{Heap before GC invocations=9 (full 0):
 garbage-first heap   total 131072K, used 102478K [0x0000000084200000, 0x0000000100000000)
  region size 1024K, 49 young (50176K), 4 survivors (4096K)
 Metaspace       used 29652K, committed 30016K, reserved 1114112K
  class space    used 3427K, committed 3584K, reserved 1048576K
}
Event: 8.615 GC heap after
{Heap after GC invocations=10 (full 0):
 garbage-first heap   total 131072K, used 68284K [0x0000000084200000, 0x0000000100000000)
  region size 1024K, 7 young (7168K), 7 survivors (7168K)
 Metaspace       used 29652K, committed 30016K, reserved 1114112K
  class space    used 3427K, committed 3584K, reserved 1048576K
}
Event: 8.930 GC heap before
{Heap before GC invocations=10 (full 0):
 garbage-first heap   total 131072K, used 84668K [0x0000000084200000, 0x0000000100000000)
  region size 1024K, 24 young (24576K), 7 survivors (7168K)
 Metaspace       used 29669K, committed 30016K, reserved 1114112K
  class space    used 3427K, committed 3584K, reserved 1048576K
}
Event: 8.944 GC heap after
{Heap after GC invocations=11 (full 0):
 garbage-first heap   total 131072K, used 74940K [0x0000000084200000, 0x0000000100000000)
  region size 1024K, 5 young (5120K), 5 survivors (5120K)
 Metaspace       used 29669K, committed 30016K, reserved 1114112K
  class space    used 3427K, committed 3584K, reserved 1048576K
}
Event: 9.423 GC heap before
{Heap before GC invocations=12 (full 0):
 garbage-first heap   total 135168K, used 97468K [0x0000000084200000, 0x0000000100000000)
  region size 1024K, 26 young (26624K), 5 survivors (5120K)
 Metaspace       used 29874K, committed 30208K, reserved 1114112K
  class space    used 3446K, committed 3584K, reserved 1048576K
}
Event: 9.434 GC heap after
{Heap after GC invocations=13 (full 0):
 garbage-first heap   total 135168K, used 81596K [0x0000000084200000, 0x0000000100000000)
  region size 1024K, 4 young (4096K), 4 survivors (4096K)
 Metaspace       used 29874K, committed 30208K, reserved 1114112K
  class space    used 3446K, committed 3584K, reserved 1048576K
}
Event: 9.489 GC heap before
{Heap before GC invocations=13 (full 0):
 garbage-first heap   total 135168K, used 83644K [0x0000000084200000, 0x0000000100000000)
  region size 1024K, 6 young (6144K), 4 survivors (4096K)
 Metaspace       used 29921K, committed 30272K, reserved 1114112K
  class space    used 3448K, committed 3584K, reserved 1048576K
}
Event: 9.497 GC heap after
{Heap after GC invocations=14 (full 0):
 garbage-first heap   total 162816K, used 71318K [0x0000000084200000, 0x0000000100000000)
  region size 1024K, 1 young (1024K), 1 survivors (1024K)
 Metaspace       used 29921K, committed 30272K, reserved 1114112K
  class space    used 3448K, committed 3584K, reserved 1048576K
}
Event: 9.590 GC heap before
{Heap before GC invocations=14 (full 0):
 garbage-first heap   total 162816K, used 76438K [0x0000000084200000, 0x0000000100000000)
  region size 1024K, 7 young (7168K), 1 survivors (1024K)
 Metaspace       used 30188K, committed 30528K, reserved 1114112K
  class space    used 3486K, committed 3648K, reserved 1048576K
}
Event: 9.592 GC heap after
{Heap after GC invocations=15 (full 0):
 garbage-first heap   total 162816K, used 69861K [0x0000000084200000, 0x0000000100000000)
  region size 1024K, 1 young (1024K), 1 survivors (1024K)
 Metaspace       used 30188K, committed 30528K, reserved 1114112K
  class space    used 3486K, committed 3648K, reserved 1048576K
}
Event: 10.185 GC heap before
{Heap before GC invocations=15 (full 0):
 garbage-first heap   total 162816K, used 103653K [0x0000000084200000, 0x0000000100000000)
  region size 1024K, 35 young (35840K), 1 survivors (1024K)
 Metaspace       used 31428K, committed 31808K, reserved 1114112K
  class space    used 3625K, committed 3776K, reserved 1048576K
}
Event: 10.187 GC heap after
{Heap after GC invocations=16 (full 0):
 garbage-first heap   total 162816K, used 68737K [0x0000000084200000, 0x0000000100000000)
  region size 1024K, 2 young (2048K), 2 survivors (2048K)
 Metaspace       used 31428K, committed 31808K, reserved 1114112K
  class space    used 3625K, committed 3776K, reserved 1048576K
}
Event: 10.745 GC heap before
{Heap before GC invocations=16 (full 0):
 garbage-first heap   total 162816K, used 108673K [0x0000000084200000, 0x0000000100000000)
  region size 1024K, 36 young (36864K), 2 survivors (2048K)
 Metaspace       used 33924K, committed 34368K, reserved 1114112K
  class space    used 3955K, committed 4160K, reserved 1048576K
}
Event: 10.752 GC heap after
{Heap after GC invocations=17 (full 0):
 garbage-first heap   total 162816K, used 77675K [0x0000000084200000, 0x0000000100000000)
  region size 1024K, 4 young (4096K), 4 survivors (4096K)
 Metaspace       used 33924K, committed 34368K, reserved 1114112K
  class space    used 3955K, committed 4160K, reserved 1048576K
}
Event: 11.722 GC heap before
{Heap before GC invocations=18 (full 0):
 garbage-first heap   total 162816K, used 130923K [0x0000000084200000, 0x0000000100000000)
  region size 1024K, 41 young (41984K), 4 survivors (4096K)
 Metaspace       used 33599K, committed 34048K, reserved 1114112K
  class space    used 3929K, committed 4160K, reserved 1048576K
}
Event: 11.728 GC heap after
{Heap after GC invocations=19 (full 0):
 garbage-first heap   total 162816K, used 70390K [0x0000000084200000, 0x0000000100000000)
  region size 1024K, 5 young (5120K), 5 survivors (5120K)
 Metaspace       used 33599K, committed 34048K, reserved 1114112K
  class space    used 3929K, committed 4160K, reserved 1048576K
}
Event: 11.810 GC heap before
{Heap before GC invocations=19 (full 0):
 garbage-first heap   total 162816K, used 72438K [0x0000000084200000, 0x0000000100000000)
  region size 1024K, 7 young (7168K), 5 survivors (5120K)
 Metaspace       used 34037K, committed 34496K, reserved 1114112K
  class space    used 3980K, committed 4224K, reserved 1048576K
}
Event: 11.817 GC heap after
{Heap after GC invocations=20 (full 0):
 garbage-first heap   total 162816K, used 55551K [0x0000000084200000, 0x0000000100000000)
  region size 1024K, 1 young (1024K), 1 survivors (1024K)
 Metaspace       used 34037K, committed 34496K, reserved 1114112K
  class space    used 3980K, committed 4224K, reserved 1048576K
}
Event: 11.873 GC heap before
{Heap before GC invocations=20 (full 0):
 garbage-first heap   total 162816K, used 60671K [0x0000000084200000, 0x0000000100000000)
  region size 1024K, 7 young (7168K), 1 survivors (1024K)
 Metaspace       used 34251K, committed 34688K, reserved 1114112K
  class space    used 4006K, committed 4224K, reserved 1048576K
}

