# JRE version: OpenJDK Runtime Environment Temurin-21.0.9+10 (21.0.9+10) (build 21.0.9+10-LTS)
# Java VM: OpenJDK 64-Bit Server VM Temurin-21.0.9+10 (21.0.9+10-LTS, mixed mode, emulated-client, sharing, tiered, compressed oops, compressed class ptrs, g1 gc, windows-amd64)
GC Precious Log:
 CardTable entry size: 512
 Card Set container configuration: InlinePtr #cards 5 size 8 Array Of Cards #cards 12 size 40 Howl #buckets 4 coarsen threshold 1843 Howl Bitmap #cards 512 size 80 coarsen threshold 460 Card regions per heap region 1 cards per card region 2048
 CPUs: 8 total, 8 available
 Memory: 7926M
 Large Page Support: Disabled
 NUMA Support: Disabled
 Compressed Oops: Enabled (32-bit)
 Heap Region Size: 1M
 Heap Min Capacity: 8M
 Heap Initial Capacity: 124M
 Heap Max Capacity: 1982M
 Pre-touch: Disabled
 Parallel Workers: 8
 Concurrent Workers: 2
 Concurrent Refinement Workers: 8
 Periodic GC: Disabled
Heap:
 garbage-first heap   total 95232K, used 54120K [0x0000000084200000, 0x0000000100000000)
  region size 1024K, 21 young (21504K), 4 survivors (4096K)
 Metaspace       used 62429K, committed 63168K, reserved 1114112K
  class space    used 8837K, committed 9152K, reserved 1048576K
GC Heap History (20 events):
Event: 2.345 GC heap before
{Heap before GC invocations=1 (full 0):
 garbage-first heap   total 126976K, used 39168K [0x0000000084200000, 0x0000000100000000)
  region size 1024K, 28 young (28672K), 3 survivors (3072K)
 Metaspace       used 10343K, committed 10624K, reserved 1114112K
  class space    used 1294K, committed 1408K, reserved 1048576K
}
Event: 2.356 GC heap after
{Heap after GC invocations=2 (full 0):
 garbage-first heap   total 126976K, used 15266K [0x0000000084200000, 0x0000000100000000)
  region size 1024K, 4 young (4096K), 4 survivors (4096K)
 Metaspace       used 10343K, committed 10624K, reserved 1114112K
  class space    used 1294K, committed 1408K, reserved 1048576K
}
Event: 6.203 GC heap before
{Heap before GC invocations=2 (full 0):
 garbage-first heap   total 126976K, used 61346K [0x0000000084200000, 0x0000000100000000)
  region size 1024K, 51 young (52224K), 4 survivors (4096K)
 Metaspace       used 21124K, committed 21504K, reserved 1114112K
  class space    used 2760K, committed 2944K, reserved 1048576K
}
Event: 6.212 GC heap after
{Heap after GC invocations=3 (full 0):
 garbage-first heap   total 126976K, used 18850K [0x0000000084200000, 0x0000000100000000)
  region size 1024K, 8 young (8192K), 8 survivors (8192K)
 Metaspace       used 21124K, committed 21504K, reserved 1114112K
  class space    used 2760K, committed 2944K, reserved 1048576K
}
Event: 6.854 GC heap before
{Heap before GC invocations=4 (full 0):
 garbage-first heap   total 65536K, used 48546K [0x0000000084200000, 0x0000000100000000)
  region size 1024K, 38 young (38912K), 8 survivors (8192K)
 Metaspace       used 27296K, committed 27648K, reserved 1114112K
  class space    used 3762K, committed 3904K, reserved 1048576K
}
Event: 6.865 GC heap after
{Heap after GC invocations=5 (full 0):
 garbage-first heap   total 65536K, used 20898K [0x0000000084200000, 0x0000000100000000)
  region size 1024K, 3 young (3072K), 3 survivors (3072K)
 Metaspace       used 27296K, committed 27648K, reserved 1114112K
  class space    used 3762K, committed 3904K, reserved 1048576K
}
Event: 7.290 GC heap before
{Heap before GC invocations=5 (full 0):
 garbage-first heap   total 65536K, used 49570K [0x0000000084200000, 0x0000000100000000)
  region size 1024K, 32 young (32768K), 3 survivors (3072K)
 Metaspace       used 29664K, committed 30208K, reserved 1114112K
  class space    used 4042K, committed 4288K, reserved 1048576K
}
Event: 7.299 GC heap after
{Heap after GC invocations=6 (full 0):
 garbage-first heap   total 65536K, used 24915K [0x0000000084200000, 0x0000000100000000)
  region size 1024K, 4 young (4096K), 4 survivors (4096K)
 Metaspace       used 29664K, committed 30208K, reserved 1114112K
  class space    used 4042K, committed 4288K, reserved 1048576K
}
Event: 7.663 GC heap before
{Heap before GC invocations=6 (full 0):
 garbage-first heap   total 65536K, used 51539K [0x0000000084200000, 0x0000000100000000)
  region size 1024K, 30 young (30720K), 4 survivors (4096K)
 Metaspace       used 31981K, committed 32512K, reserved 1114112K
  class space    used 4359K, committed 4608K, reserved 1048576K
}
Event: 7.670 GC heap after
{Heap after GC invocations=7 (full 0):
 garbage-first heap   total 78848K, used 26953K [0x0000000084200000, 0x0000000100000000)
  region size 1024K, 3 young (3072K), 3 survivors (3072K)
 Metaspace       used 31981K, committed 32512K, reserved 1114112K
  class space    used 4359K, committed 4608K, reserved 1048576K
}
Event: 8.159 GC heap before
{Heap before GC invocations=7 (full 0):
 garbage-first heap   total 78848K, used 54601K [0x0000000084200000, 0x0000000100000000)
  region size 1024K, 32 young (32768K), 3 survivors (3072K)
 Metaspace       used 35438K, committed 35968K, reserved 1114112K
  class space    used 4972K, committed 5248K, reserved 1048576K
}
Event: 8.165 GC heap after
{Heap after GC invocations=8 (full 0):
 garbage-first heap   total 78848K, used 28592K [0x0000000084200000, 0x0000000100000000)
  region size 1024K, 4 young (4096K), 4 survivors (4096K)
 Metaspace       used 35438K, committed 35968K, reserved 1114112K
  class space    used 4972K, committed 5248K, reserved 1048576K
}
Event: 8.820 GC heap before
{Heap before GC invocations=9 (full 0):
 garbage-first heap   total 78848K, used 66480K [0x0000000084200000, 0x0000000100000000)
  region size 1024K, 41 young (41984K), 4 survivors (4096K)
 Metaspace       used 40104K, committed 40640K, reserved 1114112K
  class space    used 5722K, committed 5952K, reserved 1048576K
}
Event: 8.831 GC heap after
{Heap after GC invocations=10 (full 0):
 garbage-first heap   total 78848K, used 32256K [0x0000000084200000, 0x0000000100000000)
  region size 1024K, 6 young (6144K), 6 survivors (6144K)
 Metaspace       used 40104K, committed 40640K, reserved 1114112K
  class space    used 5722K, committed 5952K, reserved 1048576K
}
Event: 9.487 GC heap before
{Heap before GC invocations=10 (full 0):
 garbage-first heap   total 78848K, used 67072K [0x0000000084200000, 0x0000000100000000)
  region size 1024K, 40 young (40960K), 6 survivors (6144K)
 Metaspace       used 45873K, committed 46528K, reserved 1114112K
  class space    used 6471K, committed 6784K, reserved 1048576K
}
Event: 9.498 GC heap after
{Heap after GC invocations=11 (full 0):
 garbage-first heap   total 78848K, used 34938K [0x0000000084200000, 0x0000000100000000)
  region size 1024K, 4 young (4096K), 4 survivors (4096K)
 Metaspace       used 45873K, committed 46528K, reserved 1114112K
  class space    used 6471K, committed 6784K, reserved 1048576K
}
Event: 10.183 GC heap before
{Heap before GC invocations=11 (full 0):
 garbage-first heap   total 78848K, used 67706K [0x0000000084200000, 0x0000000100000000)
  region size 1024K, 36 young (36864K), 4 survivors (4096K)
 Metaspace       used 53140K, committed 53824K, reserved 1114112K
  class space    used 7631K, committed 7936K, reserved 1048576K
}
Event: 10.188 GC heap after
{Heap after GC invocations=12 (full 0):
 garbage-first heap   total 95232K, used 37003K [0x0000000084200000, 0x0000000100000000)
  region size 1024K, 3 young (3072K), 3 survivors (3072K)
 Metaspace       used 53140K, committed 53824K, reserved 1114112K
  class space    used 7631K, committed 7936K, reserved 1048576K
}
Event: 10.870 GC heap before
{Heap before GC invocations=12 (full 0):
 garbage-first heap   total 95232K, used 56459K [0x0000000084200000, 0x0000000100000000)
  region size 1024K, 23 young (23552K), 3 survivors (3072K)
 Metaspace       used 59371K, committed 60096K, reserved 1114112K
  class space    used 8396K, committed 8704K, reserved 1048576K
}
Event: 10.874 GC heap after
{Heap after GC invocations=13 (full 0):
 garbage-first heap   total 95232K, used 38760K [0x0000000084200000, 0x0000000100000000)
  region size 1024K, 4 young (4096K), 4 survivors (4096K)
 Metaspace       used 59371K, committed 60096K, reserved 1114112K
  class space    used 8396K, committed 8704K, reserved 1048576K
}

